Sender: LSF System <lsfadmin@eu-g3-025>
Subject: Job 208275385: <lambda_search> in cluster <euler> Done

Job <lambda_search> was submitted from host <eu-login-10> by user <lvander> in cluster <euler> at Mon Mar 14 23:47:54 2022
Job was executed on host(s) <4*eu-g3-025>, in queue <gpu.24h>, as user <lvander> in cluster <euler> at Tue Mar 15 11:08:07 2022
</cluster/home/lvander> was used as the home directory.
</cluster/work/cotterell/liam/master-thesis> was used as the working directory.
Started at Tue Mar 15 11:08:07 2022
Terminated at Tue Mar 15 16:59:44 2022
Results reported at Tue Mar 15 16:59:44 2022

Your job looked like:

------------------------------------------------------------
# LSBATCH: User input
src/MMI_lamda_gridsearch.sh 3 lang_model xsum-lang
------------------------------------------------------------

Successfully completed.

Resource usage summary:

    CPU time :                                   14290.00 sec.
    Max Memory :                                 5619 MB
    Average Memory :                             2781.70 MB
    Total Requested Memory :                     16384.00 MB
    Delta Memory :                               10765.00 MB
    Max Swap :                                   823 MB
    Max Processes :                              5
    Max Threads :                                14
    Run time :                                   21096 sec.
    Turnaround time :                            61910 sec.

The output (if any) follows:

Lamda =  2^{-01}
Extracting target and hypothesis summaries ...
Removing BPE ...
Removing tokenization ...
Running files2rouge ...
ROUGE scores:
R1: 3.454
R2: 0.075
RL: 3.007
Lamda =  2^{-02}
Extracting target and hypothesis summaries ...
Removing BPE ...
Removing tokenization ...
Running files2rouge ...
ROUGE scores:
R1: 17.7
R2: 2.476
RL: 14.06
Lamda =  2^{-03}
Extracting target and hypothesis summaries ...
Removing BPE ...
Removing tokenization ...
Running files2rouge ...
ROUGE scores:
R1: 18.18
R2: 2.575
RL: 14.5
Lamda =  2^{-04}
Extracting target and hypothesis summaries ...
Removing BPE ...
Removing tokenization ...
Running files2rouge ...
ROUGE scores:
R1: 18.09
R2: 2.6
RL: 14.48
Lamda =  2^{-05}
Extracting target and hypothesis summaries ...
Removing BPE ...
Removing tokenization ...
Running files2rouge ...
ROUGE scores:
R1: 17.98
R2: 2.564
RL: 14.42
Lamda =  2^{-06}
Extracting target and hypothesis summaries ...
Removing BPE ...
Removing tokenization ...
Running files2rouge ...
ROUGE scores:
R1: 17.94
R2: 2.568
RL: 14.39
Lamda =  2^{-07}
Extracting target and hypothesis summaries ...
Removing BPE ...
Removing tokenization ...
Running files2rouge ...
ROUGE scores:
R1: 17.92
R2: 2.564
RL: 14.38
Lamda =  2^{-08}
Extracting target and hypothesis summaries ...
Removing BPE ...
Removing tokenization ...
Running files2rouge ...
ROUGE scores:
R1: 17.93
R2: 2.579
RL: 14.39
Lamda =  2^{-09}
Extracting target and hypothesis summaries ...
Removing BPE ...
Removing tokenization ...
Running files2rouge ...
ROUGE scores:
R1: 17.92
R2: 2.584
RL: 14.38
Lamda =  2^{-10}
Extracting target and hypothesis summaries ...
Removing BPE ...
Removing tokenization ...
Running files2rouge ...
ROUGE scores:
R1: 17.92
R2: 2.581
RL: 14.38
