Sender: LSF System <lsfadmin@eu-g3-032>
Subject: Job 208275443: <lambda_search_full> in cluster <euler> Done

Job <lambda_search_full> was submitted from host <eu-login-10> by user <lvander> in cluster <euler> at Mon Mar 14 23:48:01 2022
Job was executed on host(s) <4*eu-g3-032>, in queue <gpu.24h>, as user <lvander> in cluster <euler> at Tue Mar 15 11:08:07 2022
</cluster/home/lvander> was used as the home directory.
</cluster/work/cotterell/liam/master-thesis> was used as the working directory.
Started at Tue Mar 15 11:08:07 2022
Terminated at Tue Mar 15 15:57:48 2022
Results reported at Tue Mar 15 15:57:48 2022

Your job looked like:

------------------------------------------------------------
# LSBATCH: User input
src/MMI_lamda_gridsearch.sh 3 lang_model_full xsum-lang-full
------------------------------------------------------------

Successfully completed.

Resource usage summary:

    CPU time :                                   15949.54 sec.
    Max Memory :                                 5568 MB
    Average Memory :                             3368.56 MB
    Total Requested Memory :                     16384.00 MB
    Delta Memory :                               10816.00 MB
    Max Swap :                                   -
    Max Processes :                              5
    Max Threads :                                265
    Run time :                                   17381 sec.
    Turnaround time :                            58187 sec.

The output (if any) follows:

Lamda =  2^{-01}
Extracting target and hypothesis summaries ...
Removing BPE ...
Removing tokenization ...
Running files2rouge ...
ROUGE scores:
R1: 5.571
R2: 0.296
RL: 4.751
Lamda =  2^{-02}
Extracting target and hypothesis summaries ...
Removing BPE ...
Removing tokenization ...
Running files2rouge ...
ROUGE scores:
R1: 17.86
R2: 2.437
RL: 14.13
Lamda =  2^{-03}
Extracting target and hypothesis summaries ...
Removing BPE ...
Removing tokenization ...
Running files2rouge ...
ROUGE scores:
R1: 18.15
R2: 2.535
RL: 14.44
Lamda =  2^{-04}
Extracting target and hypothesis summaries ...
Removing BPE ...
Removing tokenization ...
Running files2rouge ...
ROUGE scores:
R1: 18.06
R2: 2.577
RL: 14.45
Lamda =  2^{-05}
Extracting target and hypothesis summaries ...
Removing BPE ...
Removing tokenization ...
Running files2rouge ...
ROUGE scores:
R1: 18
R2: 2.566
RL: 14.41
Lamda =  2^{-06}
Extracting target and hypothesis summaries ...
Removing BPE ...
Removing tokenization ...
Running files2rouge ...
ROUGE scores:
R1: 17.94
R2: 2.552
RL: 14.38
Lamda =  2^{-07}
Extracting target and hypothesis summaries ...
Removing BPE ...
Removing tokenization ...
Running files2rouge ...
ROUGE scores:
R1: 17.92
R2: 2.566
RL: 14.38
Lamda =  2^{-08}
Extracting target and hypothesis summaries ...
Removing BPE ...
Removing tokenization ...
Running files2rouge ...
ROUGE scores:
R1: 17.91
R2: 2.571
RL: 14.38
Lamda =  2^{-09}
Extracting target and hypothesis summaries ...
Removing BPE ...
Removing tokenization ...
Running files2rouge ...
ROUGE scores:
R1: 17.91
R2: 2.586
RL: 14.38
Lamda =  2^{-10}
Extracting target and hypothesis summaries ...
Removing BPE ...
Removing tokenization ...
Running files2rouge ...
ROUGE scores:
R1: 17.91
R2: 2.579
RL: 14.37
